20:07:46.528 [main] INFO  testCases.TC001_AccountRegistrationTest.verify_account_registration(TC001_AccountRegistrationTest.java:21)oggger - Clicked on My account Link
20:07:46.883 [main] INFO  testCases.TC001_AccountRegistrationTest.verify_account_registration(TC001_AccountRegistrationTest.java:24)oggger - Clicked on Register Link
20:07:46.887 [main] INFO  testCases.TC001_AccountRegistrationTest.verify_account_registration(TC001_AccountRegistrationTest.java:28)oggger - Providing customer details
20:07:48.422 [main] INFO  testCases.TC001_AccountRegistrationTest.verify_account_registration(TC001_AccountRegistrationTest.java:43)oggger - Validating expected message
20:07:48.494 [main] INFO  testCases.TC001_AccountRegistrationTest.verify_account_registration(TC001_AccountRegistrationTest.java:64)oggger - ***** Finished TC001_AccountRegistrationTest ******
20:07:49.036 [main] INFO  org.testng.log4testng.Logger.info(Logger.java:112)oggger - [TestNG] Time taken by org.testng.reporters.jq.Main@26dcd8c0: 106 ms
20:07:49.038 [main] INFO  org.testng.log4testng.Logger.info(Logger.java:112)oggger - [TestNG] Time taken by org.testng.reporters.FailedReporter@3766c667: 2 ms
20:07:49.047 [main] INFO  org.testng.log4testng.Logger.info(Logger.java:112)oggger - [TestNG] Time taken by org.testng.reporters.XMLReporter@319854f0: 9 ms
20:07:49.056 [main] INFO  org.testng.log4testng.Logger.info(Logger.java:112)oggger - [TestNG] Time taken by org.testng.reporters.EmailableReporter2@f2e4acf: 8 ms
20:07:49.066 [main] INFO  org.testng.log4testng.Logger.info(Logger.java:112)oggger - [TestNG] Time taken by org.testng.reporters.JUnitReportReporter@388b401d: 10 ms
20:07:49.066 [main] INFO  org.testng.log4testng.Logger.info(Logger.java:112)oggger - [TestNG] Time taken by org.testng.internal.ExitCodeListener@2bcec6a6: 0 ms
21:23:56.625 [main] DEBUG org.testng.log4testng.Logger.debug(Logger.java:82)oggger - suiteXmlPath: "C:\Workspace\26 March\OpencartV121\master.xml"
21:23:56.968 [main] INFO  org.testng.log4testng.Logger.info(Logger.java:112)oggger - [TestNG] Running:
  C:\Workspace\26 March\OpencartV121\master.xml

21:24:00.437 [main] INFO  testCases.TC001_AccountRegistrationTest.verify_account_registration(TC001_AccountRegistrationTest.java:17)oggger - ***** Starting TC001_AccountRegistrationTest ****** 
21:24:00.997 [main] INFO  testCases.TC001_AccountRegistrationTest.verify_account_registration(TC001_AccountRegistrationTest.java:21)oggger - Clicked on My account Link
21:24:01.554 [main] INFO  testCases.TC001_AccountRegistrationTest.verify_account_registration(TC001_AccountRegistrationTest.java:24)oggger - Clicked on Register Link
21:24:01.558 [main] INFO  testCases.TC001_AccountRegistrationTest.verify_account_registration(TC001_AccountRegistrationTest.java:28)oggger - Providing customer details
21:24:03.306 [main] INFO  testCases.TC001_AccountRegistrationTest.verify_account_registration(TC001_AccountRegistrationTest.java:43)oggger - Validating expected message
21:24:03.366 [main] INFO  testCases.TC001_AccountRegistrationTest.verify_account_registration(TC001_AccountRegistrationTest.java:64)oggger - ***** Finished TC001_AccountRegistrationTest ******
21:24:35.007 [main] DEBUG org.testng.log4testng.Logger.debug(Logger.java:82)oggger - suiteXmlPath: "C:\Workspace\26 March\OpencartV121\master.xml"
21:24:35.355 [main] INFO  org.testng.log4testng.Logger.info(Logger.java:112)oggger - [TestNG] Running:
  C:\Workspace\26 March\OpencartV121\master.xml

21:24:41.721 [main] INFO  testCases.TC001_AccountRegistrationTest.verify_account_registration(TC001_AccountRegistrationTest.java:17)oggger - ***** Starting TC001_AccountRegistrationTest ****** 
21:24:41.878 [main] INFO  testCases.TC001_AccountRegistrationTest.verify_account_registration(TC001_AccountRegistrationTest.java:21)oggger - Clicked on My account Link
21:24:42.242 [main] INFO  testCases.TC001_AccountRegistrationTest.verify_account_registration(TC001_AccountRegistrationTest.java:24)oggger - Clicked on Register Link
21:24:42.245 [main] INFO  testCases.TC001_AccountRegistrationTest.verify_account_registration(TC001_AccountRegistrationTest.java:28)oggger - Providing customer details
21:24:43.786 [main] INFO  testCases.TC001_AccountRegistrationTest.verify_account_registration(TC001_AccountRegistrationTest.java:43)oggger - Validating expected message
21:24:43.844 [main] INFO  testCases.TC001_AccountRegistrationTest.verify_account_registration(TC001_AccountRegistrationTest.java:64)oggger - ***** Finished TC001_AccountRegistrationTest ******
21:35:53.258 [main] DEBUG org.testng.log4testng.Logger.debug(Logger.java:82)oggger - suiteXmlPath: "C:\Workspace\26 March\OpencartV121\crossbrowsertesting.xml"
21:35:53.668 [main] INFO  org.testng.log4testng.Logger.info(Logger.java:112)oggger - [TestNG] Running:
  C:\Workspace\26 March\OpencartV121\crossbrowsertesting.xml

21:36:06.111 [TestNG-tests-1] INFO  testCases.TC001_AccountRegistrationTest.verify_account_registration(TC001_AccountRegistrationTest.java:17)oggger - ***** Starting TC001_AccountRegistrationTest ****** 
